2017-09-21 09:46:25 ERROR JoinTable:112 - error is :com.mysql.jdbc.exceptions.jdbc4.MySQLSyntaxErrorException: Table 'JDBC_TEST' already exists
2017-09-21 09:59:26 ERROR JoinTable:112 - error is :com.mysql.jdbc.exceptions.jdbc4.MySQLSyntaxErrorException: Table 'JDBC_TEST' already exists
2017-09-21 09:59:33 ERROR JoinTable:157 - error is :com.mysql.jdbc.exceptions.jdbc4.MySQLIntegrityConstraintViolationException: Duplicate entry '7' for key 'PRIMARY'
2017-09-21 10:34:10 ERROR JoinTable:131 - error is :com.mysql.jdbc.exceptions.jdbc4.MySQLSyntaxErrorException: You have an error in your SQL syntax; check the manual that corresponds to your MySQL server version for the right syntax to use near ')' at line 1
2017-09-21 10:36:56 ERROR JoinTable:118 - error is :com.mysql.jdbc.exceptions.jdbc4.MySQLSyntaxErrorException: You have an error in your SQL syntax; check the manual that corresponds to your MySQL server version for the right syntax to use near ')' at line 1
2017-09-21 10:38:38 ERROR JoinTable:174 - error is :com.mysql.jdbc.exceptions.jdbc4.MySQLIntegrityConstraintViolationException: Duplicate entry '9' for key 'PRIMARY'
2017-09-21 10:41:19 ERROR JoinTable:174 - error is :com.mysql.jdbc.exceptions.jdbc4.MySQLIntegrityConstraintViolationException: Duplicate entry '3' for key 'PRIMARY'
2017-09-21 10:42:13 ERROR JoinTable:174 - error is :com.mysql.jdbc.exceptions.jdbc4.MySQLIntegrityConstraintViolationException: Duplicate entry '3' for key 'PRIMARY'
2017-09-21 10:43:10 ERROR JoinTable:174 - error is :com.mysql.jdbc.exceptions.jdbc4.MySQLIntegrityConstraintViolationException: Duplicate entry '5' for key 'PRIMARY'
2017-09-21 10:43:44 ERROR JoinTable:174 - error is :com.mysql.jdbc.exceptions.jdbc4.MySQLIntegrityConstraintViolationException: Duplicate entry '2' for key 'PRIMARY'
2017-09-21 10:45:22 ERROR JoinTable:174 - error is :com.mysql.jdbc.exceptions.jdbc4.MySQLIntegrityConstraintViolationException: Duplicate entry '5' for key 'PRIMARY'
2017-09-21 10:59:59 ERROR JoinTable:226 - error is :com.mysql.jdbc.exceptions.jdbc4.MySQLSyntaxErrorException: You have an error in your SQL syntax; check the manual that corresponds to your MySQL server version for the right syntax to use near 'KEY(ID_STUD) REFERENCES STUDENT(ID),FOREGIN KEY(ID_BOOK) REFERENCES BOOK(ID))' at line 1
2017-09-21 11:00:41 ERROR JoinTable:228 - error is :com.mysql.jdbc.exceptions.jdbc4.MySQLSyntaxErrorException: You have an error in your SQL syntax; check the manual that corresponds to your MySQL server version for the right syntax to use near 'KEY(ID_STUD) REFERENCES STUDENT(ID), FOREGIN KEY(ID_BOOK) REFERENCES BOOK(ID))' at line 1
2017-09-21 11:10:25 ERROR JoinTable:121 - error is :com.mysql.jdbc.exceptions.jdbc4.MySQLSyntaxErrorException: You have an error in your SQL syntax; check the manual that corresponds to your MySQL server version for the right syntax to use near '' at line 1
2017-09-21 11:11:41 ERROR JoinTable:178 - error is :com.mysql.jdbc.exceptions.jdbc4.MySQLSyntaxErrorException: You have an error in your SQL syntax; check the manual that corresponds to your MySQL server version for the right syntax to use near ')' at line 1
2017-09-21 11:12:47 ERROR JoinTable:178 - error is :com.mysql.jdbc.exceptions.jdbc4.MySQLSyntaxErrorException: You have an error in your SQL syntax; check the manual that corresponds to your MySQL server version for the right syntax to use near ')' at line 1
2017-09-21 11:24:04 ERROR JoinTable:245 - error is :java.sql.SQLException: Column 'SELECT *FROM STUDENT s,BOOK b WHERE s.ID=b.ID' not found.
2017-09-21 12:15:14 ERROR JoinTable:234 - error is :com.mysql.jdbc.exceptions.jdbc4.MySQLSyntaxErrorException: Table 'test.STUDENT' doesn't exist
2017-09-21 12:20:44 ERROR JoinTable:162 - error is :com.mysql.jdbc.exceptions.jdbc4.MySQLIntegrityConstraintViolationException: Cannot add or update a child row: a foreign key constraint fails (`test`.`BOOK`, CONSTRAINT `BOOK_ibfk_1` FOREIGN KEY (`ID`) REFERENCES `STUDENT` (`ID`))
2017-09-21 12:25:36 ERROR JoinTable:162 - error is :com.mysql.jdbc.exceptions.jdbc4.MySQLIntegrityConstraintViolationException: Cannot add or update a child row: a foreign key constraint fails (`test`.`BOOK`, CONSTRAINT `BOOK_ibfk_1` FOREIGN KEY (`ID`) REFERENCES `STUDENT` (`ID`))
